2023-01-06 20:25:09:259 - [32minfo[39m: [32mFuncionando na porta: 3000[39m
2023-01-06 20:25:46:2546 - [32minfo[39m: [32mConectado ao banco de dados[39m
2023-01-06 20:25:46:2546 - [32minfo[39m: [32mFuncionando na porta: 3000[39m
2023-01-06 20:25:56:2556 - [32minfo[39m: [32mConectado ao banco de dados[39m
2023-01-06 20:25:56:2556 - [32minfo[39m: [32mFuncionando na porta: 3000[39m
2023-01-06 20:26:12:2612 - [31merror[39m: [31mNão foi possivel conectar erro: MongoServerError: bad auth : authentication failed[39m
2023-01-06 20:26:12:2612 - [32minfo[39m: [32mFuncionando na porta: 3000[39m
2023-01-06 20:26:17:2617 - [32minfo[39m: [32mConectado ao banco de dados[39m
2023-01-06 20:26:17:2617 - [32minfo[39m: [32mFuncionando na porta: 3000[39m
2023-01-06 20:26:38:2638 - [32minfo[39m: [32mConectado ao banco de dados[39m
2023-01-06 20:26:38:2638 - [32minfo[39m: [32mFuncionando na porta: 3000[39m
2023-01-06 20:26:40:2640 - [31merror[39m: [31mNão foi possivel conectar erro: MongoServerError: bad auth : authentication failed[39m
2023-01-06 20:26:54:2654 - [32minfo[39m: [32mConectado ao banco de dados[39m
2023-01-06 20:26:54:2654 - [32minfo[39m: [32mFuncionando na porta: 3000[39m
2023-01-06 20:34:14:3414 - [32minfo[39m: [32mConectado ao banco de dados[39m
2023-01-06 20:34:14:3414 - [32minfo[39m: [32mFuncionando na porta: 3000[39m
2023-01-06 20:34:27:3427 - [32minfo[39m: [32mConectado ao banco de dados[39m
2023-01-06 20:34:27:3427 - [32minfo[39m: [32mFuncionando na porta: 3000[39m
2023-01-06 20:34:41:3441 - [32minfo[39m: [32mConectado ao banco de dados[39m
2023-01-06 20:34:41:3441 - [32minfo[39m: [32mFuncionando na porta: 3000[39m
2023-01-06 20:34:48:3448 - [32minfo[39m: [32mConectado ao banco de dados[39m
2023-01-06 20:34:48:3448 - [32minfo[39m: [32mFuncionando na porta: 3000[39m
2023-01-06 20:34:54:3454 - [35mhttp[39m: [35mGET /api/test 200 15 - 2.712 ms[39m
[35m[39m
2023-01-06 20:35:07:357 - [35mhttp[39m: [35mGET /api/test 200 15 - 0.459 ms[39m
[35m[39m
2023-01-06 20:35:09:359 - [35mhttp[39m: [35mGET /api/test 200 15 - 0.459 ms[39m
[35m[39m
2023-01-06 20:35:12:3512 - [35mhttp[39m: [35mGET /api/test 200 15 - 0.419 ms[39m
[35m[39m
2023-01-06 20:41:27:4127 - [32minfo[39m: [32mConectado ao banco de dados[39m
2023-01-06 20:41:27:4127 - [32minfo[39m: [32mFuncionando na porta: 3000[39m
2023-01-06 20:42:14:4214 - [35mhttp[39m: [35mGET /api/movie 404 148 - 2.035 ms[39m
[35m[39m
2023-01-06 20:42:34:4234 - [35mhttp[39m: [35mPOST /api/movie 200 20 - 1.310 ms[39m
[35m[39m
2023-01-06 20:44:05:445 - [32minfo[39m: [32mConectado ao banco de dados[39m
2023-01-06 20:44:05:445 - [32minfo[39m: [32mFuncionando na porta: 3000[39m
2023-01-06 20:44:32:4432 - [35mhttp[39m: [35mPOST /api/movie 200 155 - 49.975 ms[39m
[35m[39m
2023-01-06 20:56:47:5647 - [32minfo[39m: [32mConectado ao banco de dados[39m
2023-01-06 20:56:47:5647 - [32minfo[39m: [32mFuncionando na porta: 3000[39m
2023-01-06 20:56:56:5656 - [35mhttp[39m: [35mPOST /api/movie 200 156 - 47.939 ms[39m
[35m[39m
2023-01-06 21:02:32:232 - [32minfo[39m: [32mConectado ao banco de dados[39m
2023-01-06 21:02:32:232 - [32minfo[39m: [32mFuncionando na porta: 3000[39m
2023-01-06 21:02:38:238 - [35mhttp[39m: [35mPOST /api/movie 200 157 - 48.846 ms[39m
[35m[39m
2023-01-06 21:04:21:421 - [32minfo[39m: [32mConectado ao banco de dados[39m
2023-01-06 21:04:21:421 - [32minfo[39m: [32mFuncionando na porta: 3000[39m
2023-01-06 21:04:27:427 - [32minfo[39m: [32mConectado ao banco de dados[39m
2023-01-06 21:04:27:427 - [32minfo[39m: [32mFuncionando na porta: 3000[39m
2023-01-06 21:04:43:443 - [35mhttp[39m: [35mPOST /api/movie 422 50 - 4.455 ms[39m
[35m[39m
2023-01-06 21:05:51:551 - [32minfo[39m: [32mConectado ao banco de dados[39m
2023-01-06 21:05:51:551 - [32minfo[39m: [32mFuncionando na porta: 3000[39m
2023-01-06 21:06:13:613 - [35mhttp[39m: [35mPOST /api/movie 200 162 - 52.322 ms[39m
[35m[39m
2023-01-06 21:06:21:621 - [32minfo[39m: [32mConectado ao banco de dados[39m
2023-01-06 21:06:21:621 - [32minfo[39m: [32mFuncionando na porta: 3000[39m
2023-01-06 21:06:43:643 - [32minfo[39m: [32mConectado ao banco de dados[39m
2023-01-06 21:06:43:643 - [32minfo[39m: [32mFuncionando na porta: 3000[39m
2023-01-06 21:06:48:648 - [35mhttp[39m: [35mPOST /api/movie 422 61 - 4.241 ms[39m
[35m[39m
2023-01-06 21:06:56:656 - [35mhttp[39m: [35mPOST /api/movie 422 61 - 1.294 ms[39m
[35m[39m
2023-01-06 21:07:05:75 - [35mhttp[39m: [35mPOST /api/movie 422 61 - 1.110 ms[39m
[35m[39m
2023-01-06 21:08:17:817 - [32minfo[39m: [32mConectado ao banco de dados[39m
2023-01-06 21:08:17:817 - [32minfo[39m: [32mFuncionando na porta: 3000[39m
2023-01-06 21:08:20:820 - [35mhttp[39m: [35mPOST /api/movie 422 61 - 4.512 ms[39m
[35m[39m
2023-01-06 21:08:26:826 - [32minfo[39m: [32mConectado ao banco de dados[39m
2023-01-06 21:08:26:826 - [32minfo[39m: [32mFuncionando na porta: 3000[39m
2023-01-06 21:08:28:828 - [35mhttp[39m: [35mPOST /api/movie 422 61 - 4.330 ms[39m
[35m[39m
2023-01-06 21:08:30:830 - [35mhttp[39m: [35mPOST /api/movie 422 61 - 1.715 ms[39m
[35m[39m
2023-01-06 21:08:53:853 - [32minfo[39m: [32mConectado ao banco de dados[39m
2023-01-06 21:08:53:853 - [32minfo[39m: [32mFuncionando na porta: 3000[39m
2023-01-06 21:08:56:856 - [35mhttp[39m: [35mPOST /api/movie 200 166 - 50.021 ms[39m
[35m[39m
2023-01-06 21:09:00:90 - [35mhttp[39m: [35mPOST /api/movie 422 57 - 1.291 ms[39m
[35m[39m
2023-01-06 21:10:00:100 - [32minfo[39m: [32mConectado ao banco de dados[39m
2023-01-06 21:10:00:100 - [32minfo[39m: [32mFuncionando na porta: 3000[39m
2023-01-06 21:10:01:101 - [35mhttp[39m: [35mPOST /api/movie 422 60 - 4.803 ms[39m
[35m[39m
2023-01-06 21:10:17:1017 - [35mhttp[39m: [35mPOST /api/movie 200 202 - 42.914 ms[39m
[35m[39m
2023-01-06 21:10:25:1025 - [35mhttp[39m: [35mPOST /api/movie 422 60 - 1.734 ms[39m
[35m[39m
2023-01-06 21:11:50:1150 - [32minfo[39m: [32mConectado ao banco de dados[39m
2023-01-06 21:11:50:1150 - [32minfo[39m: [32mFuncionando na porta: 3000[39m
2023-01-06 21:11:51:1151 - [35mhttp[39m: [35mPOST /api/movie 422 109 - 5.299 ms[39m
[35m[39m
2023-01-06 21:12:14:1214 - [35mhttp[39m: [35mPOST /api/movie 422 61 - 1.461 ms[39m
[35m[39m
2023-01-06 21:12:26:1226 - [35mhttp[39m: [35mPOST /api/movie 200 225 - 46.096 ms[39m
[35m[39m
2023-01-06 21:13:09:139 - [32minfo[39m: [32mConectado ao banco de dados[39m
2023-01-06 21:13:09:139 - [32minfo[39m: [32mFuncionando na porta: 3000[39m
2023-01-06 21:13:41:1341 - [35mhttp[39m: [35mPOST /api/movie 422 54 - 4.920 ms[39m
[35m[39m
2023-01-06 21:14:14:1414 - [35mhttp[39m: [35mPOST /api/movie 422 54 - 1.817 ms[39m
[35m[39m
2023-01-06 21:14:29:1429 - [35mhttp[39m: [35mPOST /api/movie 200 544 - 47.942 ms[39m
[35m[39m
2023-01-08 16:30:36:3036 - [31merror[39m: [31mNão foi possivel conectar erro: MongooseServerSelectionError: Could not connect to any servers in your MongoDB Atlas cluster. One common reason is that you're trying to access the database from an IP that isn't whitelisted. Make sure your current IP address is on your Atlas cluster's IP whitelist: https://docs.atlas.mongodb.com/security-whitelist/[39m
2023-01-08 16:31:43:3143 - [32minfo[39m: [32mConectado ao banco de dados[39m
2023-01-08 16:31:43:3143 - [32minfo[39m: [32mFuncionando na porta: 3000[39m
2023-01-08 16:34:03:343 - [32minfo[39m: [32mConectado ao banco de dados[39m
2023-01-08 16:34:03:343 - [32minfo[39m: [32mFuncionando na porta: 3000[39m
2023-01-08 16:34:36:3436 - [32minfo[39m: [32mConectado ao banco de dados[39m
2023-01-08 16:34:36:3436 - [32minfo[39m: [32mFuncionando na porta: 3000[39m
2023-01-08 16:35:06:356 - [35mhttp[39m: [35mPOST /api/movie 200 544 - 57.651 ms[39m
[35m[39m
2023-01-08 16:35:21:3521 - [35mhttp[39m: [35mGET /api/movie/63bb1aea883bbb94390ca377 404 30 - 33.818 ms[39m
[35m[39m
2023-01-08 16:35:34:3534 - [35mhttp[39m: [35mGET /api/movie/63bb1aea883bbb94390ca376 - - - - ms[39m
[35m[39m
2023-01-08 16:35:53:3553 - [32minfo[39m: [32mConectado ao banco de dados[39m
2023-01-08 16:35:53:3553 - [32minfo[39m: [32mFuncionando na porta: 3000[39m
2023-01-08 16:35:53:3553 - [35mhttp[39m: [35mGET /api/movie/63bb1aea883bbb94390ca376 200 544 - 38.972 ms[39m
[35m[39m
2023-01-08 16:37:18:3718 - [32minfo[39m: [32mConectado ao banco de dados[39m
2023-01-08 16:37:18:3718 - [32minfo[39m: [32mFuncionando na porta: 3000[39m
2023-01-08 16:37:42:3742 - [32minfo[39m: [32mConectado ao banco de dados[39m
2023-01-08 16:37:42:3742 - [32minfo[39m: [32mFuncionando na porta: 3000[39m
2023-01-08 16:37:58:3758 - [35mhttp[39m: [35mGET /api/movie 200 2321 - 41.870 ms[39m
[35m[39m
2023-01-08 16:40:05:405 - [32minfo[39m: [32mConectado ao banco de dados[39m
2023-01-08 16:40:05:405 - [32minfo[39m: [32mFuncionando na porta: 3000[39m
2023-01-08 16:40:29:4029 - [32minfo[39m: [32mConectado ao banco de dados[39m
2023-01-08 16:40:29:4029 - [32minfo[39m: [32mFuncionando na porta: 3000[39m
2023-01-08 16:41:46:4146 - [35mhttp[39m: [35mDELETE /api/movie/63bb1aea883bbb94390ca375 404 29 - 34.448 ms[39m
[35m[39m
2023-01-08 16:41:52:4152 - [35mhttp[39m: [35mDELETE /api/movie/63bb1aea883bbb94390ca376 - - - - ms[39m
[35m[39m
2023-01-08 16:42:25:4225 - [32minfo[39m: [32mConectado ao banco de dados[39m
2023-01-08 16:42:25:4225 - [32minfo[39m: [32mFuncionando na porta: 3000[39m
2023-01-08 16:42:36:4236 - [35mhttp[39m: [35mDELETE /api/movie/63bb1aea883bbb94390ca376 200 41 - 79.940 ms[39m
[35m[39m
2023-01-08 16:43:41:4341 - [35mhttp[39m: [35mDELETE /api/movie/63b8b69edfe959289514beaf 200 41 - 66.023 ms[39m
[35m[39m
2023-01-08 16:45:47:4547 - [32minfo[39m: [32mConectado ao banco de dados[39m
2023-01-08 16:45:47:4547 - [32minfo[39m: [32mFuncionando na porta: 3000[39m
2023-01-08 16:46:05:465 - [32minfo[39m: [32mConectado ao banco de dados[39m
2023-01-08 16:46:05:465 - [32minfo[39m: [32mFuncionando na porta: 3000[39m
2023-01-08 16:46:31:4631 - [35mhttp[39m: [35mPOST /api/movie 200 544 - 48.843 ms[39m
[35m[39m
2023-01-08 16:46:44:4644 - [35mhttp[39m: [35mPATCH /api/movie/63bb1d974387db53a0203bd5 404 29 - 30.557 ms[39m
[35m[39m
2023-01-08 16:47:30:4730 - [32minfo[39m: [32mConectado ao banco de dados[39m
2023-01-08 16:47:30:4730 - [32minfo[39m: [32mFuncionando na porta: 3000[39m
2023-01-08 16:48:10:4810 - [32minfo[39m: [32mConectado ao banco de dados[39m
2023-01-08 16:48:10:4810 - [32minfo[39m: [32mFuncionando na porta: 3000[39m
2023-01-08 16:50:06:506 - [35mhttp[39m: [35mPATCH /api/movie/63bb1d974387db53a0203bdd 200 2 - 43.172 ms[39m
[35m[39m
2023-01-08 16:50:38:5038 - [35mhttp[39m: [35mGET /api/movie63bb1d974387db53a0203bdd 404 172 - 1.547 ms[39m
[35m[39m
2023-01-08 16:50:43:5043 - [35mhttp[39m: [35mGET /api/movie/63bb1d974387db53a0203bdd 200 544 - 33.080 ms[39m
[35m[39m
2023-01-08 16:52:10:5210 - [35mhttp[39m: [35mPATCH /api/movie/63bb1d974387db53a0203bdd 200 2 - 31.134 ms[39m
[35m[39m
2023-01-08 16:52:43:5243 - [35mhttp[39m: [35mGET /api/movie/63bb1aea883bbb94390ca376 404 30 - 30.685 ms[39m
[35m[39m
2023-01-08 16:52:48:5248 - [35mhttp[39m: [35mGET /api/movie/ 200 2163 - 34.347 ms[39m
[35m[39m
2023-01-08 16:53:01:531 - [35mhttp[39m: [35mPATCH /api/movie/63b8b9653a93f14b1fd7c8f6 200 2 - 31.832 ms[39m
[35m[39m
2023-01-08 16:53:15:5315 - [35mhttp[39m: [35mGET /api/movie/ 200 2163 - 33.117 ms[39m
[35m[39m
2023-01-08 16:56:11:5611 - [35mhttp[39m: [35mPATCH /api/movie/63b8b9653a93f14b1fd7c8f6 200 436 - 72.103 ms[39m
[35m[39m
